[2026-05-17 16:10:48] [INFO] =========================================================================
[2026-05-17 16:10:48] [INFO]  🔌 太陽光自動充電制御システム（エンタープライズ堅牢化版）起動
[2026-05-17 16:10:48] [INFO] =========================================================================
[2026-05-17 16:10:48] [WARNING] 初回ログインのため、ブラウザでの手動認証が必要です。以下のURLを開いてください：
[2026-05-17 16:10:48] [WARNING] 
https://auth.tesla.com/oauth2/v3/authorize?client_id=***REMOVED_CLIENT_ID***&redirect_uri=http://localhost:8000/callback&response_type=code&scope=openid%20vehicle_device_data%20vehicle_charging_cmds&state=12345

[2026-05-17 16:11:02] [INFO] 初回アクセストークンを取得中...
[2026-05-17 16:11:03] [INFO] 初回トークンを厳重に保管しました。
[2026-05-17 16:11:03] [INFO] --- 定期チェック開始 ---
[2026-05-17 16:11:07] [INFO] 車両状態: 『offline』 (RemoE瞬時電力: -84 W)
[2026-05-17 16:11:07] [INFO] 車両は就寝中、かつ余剰が600W未満のため、このまま寝かせます。
[2026-05-17 16:14:07] [INFO] --- 定期チェック開始 ---
[2026-05-17 16:14:10] [INFO] 車両状態: 『offline』 (RemoE瞬時電力: -84 W)
[2026-05-17 16:14:10] [INFO] 車両は就寝中、かつ余剰が600W未満のため、このまま寝かせます。
[2026-05-17 16:17:10] [INFO] --- 定期チェック開始 ---
[2026-05-17 16:17:13] [INFO] 車両状態: 『offline』 (RemoE瞬時電力: -84 W)
[2026-05-17 16:17:13] [INFO] 車両は就寝中、かつ余剰が600W未満のため、このまま寝かせます。
[2026-05-17 16:20:13] [INFO] --- 定期チェック開始 ---
[2026-05-17 16:20:17] [INFO] 車両状態: 『offline』 (RemoE瞬時電力: -84 W)
[2026-05-17 16:20:17] [INFO] 車両は就寝中、かつ余剰が600W未満のため、このまま寝かせます。
[2026-05-17 16:28:42] [INFO] =========================================================================
[2026-05-17 16:28:42] [INFO]  🔌 太陽光自動充電制御システム（トークン手元調達・密輸型決定版）起動
[2026-05-17 16:28:42] [INFO] =========================================================================
[2026-05-17 16:28:42] [INFO] 💾 有効なトークンファイルを発見。サイレントログインします。
[2026-05-17 16:28:45] [INFO] 🚗 対象車両 (VIN: LRW3F7EK6RC238023) を捕捉。常駐ループ稼働を開始します。
[2026-05-17 16:28:45] [INFO] --- 定期チェック開始 ---
[2026-05-17 16:28:48] [INFO] 車両状態: 『offline』 (RemoE瞬時電力: -84 W)
[2026-05-17 16:28:48] [INFO] 車両は就寝中、かつ余剰が600W未満のため、このまま寝かせます。
[2026-05-17 16:29:07] [INFO] =========================================================================
[2026-05-17 16:29:07] [INFO]  🔌 太陽光自動充電制御システム（トークン手元調達・密輸型決定版）起動
[2026-05-17 16:29:07] [INFO] =========================================================================
[2026-05-17 16:29:07] [WARNING] ⚠️ 初回認証手続きを開始します。ブラウザが自動起動しない場合は以下を開いてください：
[2026-05-17 16:29:07] [WARNING] 
https://auth.tesla.com/oauth2/v3/authorize?client_id=***REMOVED_CLIENT_ID***&redirect_uri=http://localhost:8000/callback&response_type=code&scope=openid%20vehicle_device_data%20vehicle_charging_cmds&state=12345

[2026-05-17 16:29:10] [INFO] 🎯 着地を検知！ 初回アクセストークンを取得中...
[2026-05-17 16:29:10] [INFO] 🎯 手元でのトークン生成に完全成功！『tesla_tokens.json』が生成されました。
[2026-05-17 16:29:13] [INFO] 🚗 対象車両 (VIN: LRW3F7EK6RC238023) を捕捉。常駐ループ稼働を開始します。
[2026-05-17 16:29:13] [INFO] --- 定期チェック開始 ---
[2026-05-17 16:29:16] [INFO] 車両状態: 『offline』 (RemoE瞬時電力: -84 W)
[2026-05-17 16:29:16] [INFO] 車両は就寝中、かつ余剰が600W未満のため、このまま寝かせます。
